TN:
SF:src\services\auth_rules.ts
FN:11,(anonymous_0)
FN:15,(anonymous_1)
FN:35,(anonymous_2)
FNF:3
FNH:3
FNDA:8,(anonymous_0)
FNDA:8,(anonymous_1)
FNDA:4,(anonymous_2)
DA:5,2
DA:6,2
DA:7,2
DA:8,2
DA:9,2
DA:11,2
DA:12,8
DA:15,2
DA:16,8
DA:17,2
DA:20,6
DA:21,1
DA:24,5
DA:25,1
DA:28,4
DA:29,1
DA:32,3
DA:35,2
DA:36,4
DA:37,4
LF:20
LH:20
BRDA:16,0,0,2
BRDA:16,0,1,6
BRDA:20,1,0,1
BRDA:20,1,1,5
BRDA:24,2,0,1
BRDA:24,2,1,4
BRDA:28,3,0,1
BRDA:28,3,1,3
BRF:8
BRH:8
end_of_record
TN:
SF:src\services\auth_service.ts
FN:28,(anonymous_0)
FN:44,(anonymous_1)
FN:61,(anonymous_2)
FN:79,(anonymous_3)
FN:94,createSessionForUser
FN:102,signUp
FN:133,signIn
FN:155,refreshSession
FN:193,logout
FN:222,verifyAccessToken
FNF:10
FNH:10
FNDA:3,(anonymous_0)
FNDA:3,(anonymous_1)
FNDA:3,(anonymous_2)
FNDA:7,(anonymous_3)
FNDA:2,createSessionForUser
FNDA:4,signUp
FNDA:4,signIn
FNDA:5,refreshSession
FNDA:2,logout
FNDA:1,verifyAccessToken
DA:26,1
DA:28,1
DA:29,3
DA:30,0
DA:33,3
DA:39,3
DA:44,1
DA:45,3
DA:46,0
DA:49,3
DA:56,3
DA:61,1
DA:62,3
DA:63,3
DA:64,3
DA:65,3
DA:67,3
DA:76,3
DA:79,1
DA:80,7
DA:81,0
DA:84,7
DA:86,7
DA:87,0
DA:90,7
DA:93,1
DA:95,2
DA:103,4
DA:104,1
DA:107,3
DA:108,1
DA:111,2
DA:115,2
DA:116,1
DA:119,1
DA:121,1
DA:130,1
DA:134,4
DA:138,4
DA:139,1
DA:142,3
DA:143,1
DA:146,2
DA:148,2
DA:149,1
DA:152,1
DA:156,5
DA:158,5
DA:163,5
DA:164,1
DA:167,4
DA:168,1
DA:171,3
DA:172,1
DA:175,2
DA:177,2
DA:178,1
DA:181,1
DA:186,1
DA:194,2
DA:196,2
DA:200,2
DA:201,0
DA:204,2
DA:206,2
DA:207,0
DA:210,2
DA:211,1
DA:214,1
DA:223,1
DA:224,0
DA:227,1
LF:72
LH:65
BRDA:29,0,0,0
BRDA:29,0,1,3
BRDA:45,1,0,0
BRDA:45,1,1,3
BRDA:80,2,0,0
BRDA:80,2,1,7
BRDA:86,3,0,0
BRDA:86,3,1,7
BRDA:103,4,0,1
BRDA:103,4,1,3
BRDA:107,5,0,1
BRDA:107,5,1,2
BRDA:115,6,0,1
BRDA:115,6,1,1
BRDA:138,7,0,1
BRDA:138,7,1,3
BRDA:142,8,0,1
BRDA:142,8,1,2
BRDA:148,9,0,1
BRDA:148,9,1,1
BRDA:163,10,0,1
BRDA:163,10,1,4
BRDA:163,11,0,5
BRDA:163,11,1,4
BRDA:167,12,0,1
BRDA:167,12,1,3
BRDA:171,13,0,1
BRDA:171,13,1,2
BRDA:177,14,0,1
BRDA:177,14,1,1
BRDA:200,15,0,0
BRDA:200,15,1,2
BRDA:200,16,0,2
BRDA:200,16,1,2
BRDA:206,17,0,0
BRDA:206,17,1,2
BRDA:210,18,0,1
BRDA:210,18,1,1
BRDA:223,19,0,0
BRDA:223,19,1,1
BRF:40
BRH:33
end_of_record
TN:
SF:src\services\authoring_errors.ts
FN:4,constructor
FNF:1
FNH:1
FNDA:12,constructor
DA:5,12
DA:6,12
LF:2
LH:2
BRF:0
BRH:0
end_of_record
TN:
SF:src\services\authoring_rules.ts
FN:13,(anonymous_0)
FN:21,(anonymous_1)
FN:29,(anonymous_2)
FN:39,(anonymous_3)
FN:47,(anonymous_4)
FN:55,(anonymous_5)
FN:63,(anonymous_6)
FN:71,(anonymous_7)
FN:79,(anonymous_8)
FN:80,(anonymous_9)
FN:87,(anonymous_10)
FN:95,(anonymous_11)
FN:103,(anonymous_12)
FN:111,(anonymous_13)
FN:122,(anonymous_14)
FN:151,(anonymous_15)
FN:180,(anonymous_16)
FN:185,(anonymous_17)
FN:194,(anonymous_18)
FN:201,(anonymous_19)
FN:202,(anonymous_20)
FN:208,(anonymous_21)
FN:241,(anonymous_22)
FN:252,(anonymous_23)
FN:295,(anonymous_24)
FN:304,(anonymous_25)
FN:313,(anonymous_26)
FNF:27
FNH:17
FNDA:12,(anonymous_0)
FNDA:2,(anonymous_1)
FNDA:3,(anonymous_2)
FNDA:1,(anonymous_3)
FNDA:15,(anonymous_4)
FNDA:1,(anonymous_5)
FNDA:3,(anonymous_6)
FNDA:0,(anonymous_7)
FNDA:3,(anonymous_8)
FNDA:3,(anonymous_9)
FNDA:0,(anonymous_10)
FNDA:0,(anonymous_11)
FNDA:0,(anonymous_12)
FNDA:0,(anonymous_13)
FNDA:0,(anonymous_14)
FNDA:0,(anonymous_15)
FNDA:5,(anonymous_16)
FNDA:7,(anonymous_17)
FNDA:5,(anonymous_18)
FNDA:4,(anonymous_19)
FNDA:3,(anonymous_20)
FNDA:0,(anonymous_21)
FNDA:0,(anonymous_22)
FNDA:0,(anonymous_23)
FNDA:3,(anonymous_24)
FNDA:1,(anonymous_25)
FNDA:3,(anonymous_26)
DA:11,1
DA:13,1
DA:14,12
DA:15,0
DA:18,12
DA:21,1
DA:22,2
DA:23,1
DA:26,1
DA:29,1
DA:30,3
DA:32,3
DA:33,1
DA:36,2
DA:39,1
DA:40,1
DA:41,1
DA:44,0
DA:47,1
DA:48,15
DA:49,2
DA:52,13
DA:55,1
DA:56,1
DA:57,1
DA:60,0
DA:63,1
DA:64,3
DA:65,1
DA:68,2
DA:71,1
DA:72,0
DA:73,0
DA:76,0
DA:79,1
DA:80,3
DA:81,1
DA:84,2
DA:87,1
DA:88,0
DA:89,0
DA:92,0
DA:95,1
DA:96,0
DA:97,0
DA:100,0
DA:103,1
DA:104,0
DA:105,0
DA:108,0
DA:111,1
DA:112,0
DA:117,0
DA:118,0
DA:122,1
DA:128,0
DA:129,0
DA:134,0
DA:135,0
DA:139,0
DA:140,0
DA:145,0
DA:146,0
DA:151,1
DA:157,0
DA:158,0
DA:163,0
DA:164,0
DA:168,0
DA:169,0
DA:174,0
DA:175,0
DA:180,1
DA:181,5
DA:182,1
DA:185,4
DA:186,7
DA:188,7
DA:194,5
DA:196,4
DA:197,1
DA:200,1
DA:201,4
DA:202,3
DA:208,1
DA:209,0
DA:217,0
DA:230,0
DA:232,0
DA:241,1
DA:242,0
DA:247,0
DA:248,0
DA:252,1
DA:253,0
DA:254,0
DA:255,0
DA:256,0
DA:257,0
DA:260,0
DA:266,0
DA:267,0
DA:268,0
DA:271,0
DA:272,0
DA:273,0
DA:274,0
DA:277,0
DA:280,0
DA:281,0
DA:284,0
DA:295,1
DA:296,3
DA:304,1
DA:305,1
DA:313,1
DA:314,3
LF:117
LH:59
BRDA:14,0,0,0
BRDA:14,0,1,12
BRDA:14,1,0,12
BRDA:14,1,1,12
BRDA:22,2,0,1
BRDA:22,2,1,1
BRDA:32,3,0,1
BRDA:32,3,1,2
BRDA:40,4,0,1
BRDA:40,4,1,0
BRDA:48,5,0,2
BRDA:48,5,1,13
BRDA:48,6,0,15
BRDA:48,6,1,15
BRDA:48,6,2,15
BRDA:56,7,0,1
BRDA:56,7,1,0
BRDA:64,8,0,1
BRDA:64,8,1,2
BRDA:64,9,0,3
BRDA:64,9,1,3
BRDA:64,9,2,3
BRDA:72,10,0,0
BRDA:72,10,1,0
BRDA:80,11,0,1
BRDA:80,11,1,2
BRDA:80,12,0,3
BRDA:80,12,1,3
BRDA:88,13,0,0
BRDA:88,13,1,0
BRDA:96,14,0,0
BRDA:96,14,1,0
BRDA:96,15,0,0
BRDA:96,15,1,0
BRDA:96,15,2,0
BRDA:96,15,3,0
BRDA:104,16,0,0
BRDA:104,16,1,0
BRDA:117,17,0,0
BRDA:117,17,1,0
BRDA:117,18,0,0
BRDA:117,18,1,0
BRDA:128,19,0,0
BRDA:128,19,1,0
BRDA:134,20,0,0
BRDA:134,20,1,0
BRDA:134,21,0,0
BRDA:134,21,1,0
BRDA:139,22,0,0
BRDA:139,22,1,0
BRDA:145,23,0,0
BRDA:145,23,1,0
BRDA:145,24,0,0
BRDA:145,24,1,0
BRDA:157,25,0,0
BRDA:157,25,1,0
BRDA:163,26,0,0
BRDA:163,26,1,0
BRDA:163,27,0,0
BRDA:163,27,1,0
BRDA:168,28,0,0
BRDA:168,28,1,0
BRDA:174,29,0,0
BRDA:174,29,1,0
BRDA:174,30,0,0
BRDA:174,30,1,0
BRDA:181,31,0,1
BRDA:181,31,1,4
BRDA:181,32,0,5
BRDA:181,32,1,5
BRDA:196,33,0,1
BRDA:196,33,1,3
BRDA:230,34,0,0
BRDA:230,34,1,0
BRDA:236,35,0,0
BRDA:236,35,1,0
BRDA:247,36,0,0
BRDA:247,36,1,0
BRDA:253,37,0,0
BRDA:253,37,1,0
BRDA:254,38,0,0
BRDA:254,38,1,0
BRDA:255,39,0,0
BRDA:255,39,1,0
BRDA:256,40,0,0
BRDA:256,40,1,0
BRDA:257,41,0,0
BRDA:257,41,1,0
BRDA:260,42,0,0
BRDA:260,42,1,0
BRDA:266,43,0,0
BRDA:266,43,1,0
BRDA:267,44,0,0
BRDA:267,44,1,0
BRDA:267,45,0,0
BRDA:267,45,1,0
BRDA:272,46,0,0
BRDA:272,46,1,0
BRDA:273,47,0,0
BRDA:273,47,1,0
BRDA:273,48,0,0
BRDA:273,48,1,0
BRDA:280,49,0,0
BRDA:280,49,1,0
BRDA:297,50,0,2
BRDA:297,50,1,1
BRDA:298,51,0,2
BRDA:298,51,1,1
BRDA:299,52,0,1
BRDA:299,52,1,1
BRDA:300,53,0,1
BRDA:300,53,1,1
BRDA:306,54,0,1
BRDA:306,54,1,0
BRDA:307,55,0,1
BRDA:307,55,1,0
BRDA:308,56,0,1
BRDA:308,56,1,0
BRDA:309,57,0,1
BRDA:309,57,1,0
BRDA:315,58,0,3
BRDA:315,58,1,0
BRDA:316,59,0,3
BRDA:316,59,1,0
BRDA:317,60,0,3
BRDA:317,60,1,0
BRDA:318,61,0,3
BRDA:318,61,1,0
BRDA:319,62,0,2
BRDA:319,62,1,0
BRDA:322,63,0,1
BRDA:322,63,1,0
BRF:132
BRH:47
end_of_record
